D:\WORKING\SAW15DEV\DBR\TOOLKITS\EVALUATION\SUMMARYREPORTDLL\DEBUG\SUMMARYREPORTDLL.PCH
D:\WORKING\SAW15DEV\DBR\TOOLKITS\EVALUATION\SUMMARYREPORTDLL\DEBUG\STDAFX.OBJ
D:\WORKING\SAW15DEV\DBR\TOOLKITS\EVALUATION\SUMMARYREPORTDLL\DEBUG\VC110.PDB
D:\WORKING\SAW15DEV\DBR\TOOLKITS\EVALUATION\SUMMARYREPORTDLL\DEBUG\CSVREPORTFILEDATAOPERATOR.OBJ
D:\WORKING\SAW15DEV\DBR\TOOLKITS\EVALUATION\SUMMARYREPORTDLL\DEBUG\DLLMAIN.OBJ
D:\WORKING\SAW15DEV\DBR\TOOLKITS\EVALUATION\SUMMARYREPORTDLL\DEBUG\SUMMARYREPORTDLL.OBJ
D:\WORKING\SAW15DEV\DBR\TOOLKITS\EVALUATION\DEBUG\SUMMARYREPORTDLL.LIB
D:\Working\SAW15Dev\DBR\Toolkits\Evaluation\SummaryReportDLL\Debug\CSVReportFileDataOperator.obj
D:\Working\SAW15Dev\DBR\Toolkits\Evaluation\SummaryReportDLL\Debug\dllmain.obj
D:\Working\SAW15Dev\DBR\Toolkits\Evaluation\SummaryReportDLL\Debug\stdafx.obj
D:\Working\SAW15Dev\DBR\Toolkits\Evaluation\SummaryReportDLL\Debug\SummaryReportDLL.obj
D:\Working\SAW15Dev\DBR\Toolkits\Evaluation\SummaryReportDLL\Debug\cl.command.1.tlog
D:\Working\SAW15Dev\DBR\Toolkits\Evaluation\SummaryReportDLL\Debug\CL.read.1.tlog
D:\Working\SAW15Dev\DBR\Toolkits\Evaluation\SummaryReportDLL\Debug\CL.write.1.tlog
D:\Working\SAW15Dev\DBR\Toolkits\Evaluation\SummaryReportDLL\Debug\Lib-link.read.1.tlog
D:\Working\SAW15Dev\DBR\Toolkits\Evaluation\SummaryReportDLL\Debug\Lib-link.write.1.tlog
D:\Working\SAW15Dev\DBR\Toolkits\Evaluation\SummaryReportDLL\Debug\lib.command.1.tlog
D:\Working\SAW15Dev\DBR\Toolkits\Evaluation\SummaryReportDLL\Debug\SummaryReportDLL.pch
D:\Working\SAW15Dev\DBR\Toolkits\Evaluation\SummaryReportDLL\Debug\vc110.idb
D:\Working\SAW15Dev\DBR\Toolkits\Evaluation\SummaryReportDLL\Debug\vc110.pdb
D:\Working\SAW15Dev\DBR\Toolkits\Evaluation\Debug\SummaryReportDLL.lib
