  CSVReportFileDataOperator.cpp
c:\users\joe\desktop\summary\batchdecodeforevaluation\summaryreportdll\csvreportfiledataoperator.cpp(57): warning C4018: “<”: 有符号/无符号不匹配
c:\users\joe\desktop\summary\batchdecodeforevaluation\summaryreportdll\csvreportfiledataoperator.cpp(60): warning C4018: “<”: 有符号/无符号不匹配
c:\users\joe\desktop\summary\batchdecodeforevaluation\summaryreportdll\csvreportfiledataoperator.cpp(80): warning C4101: “e”: 未引用的局部变量
c:\users\joe\desktop\summary\batchdecodeforevaluation\summaryreportdll\csvreportfiledataoperator.cpp(92): warning C4101: “e”: 未引用的局部变量
c:\users\joe\desktop\summary\batchdecodeforevaluation\summaryreportdll\csvreportfiledataoperator.cpp(102): warning C4101: “e”: 未引用的局部变量
c:\users\joe\desktop\summary\batchdecodeforevaluation\summaryreportdll\csvreportfiledataoperator.cpp(112): warning C4101: “e”: 未引用的局部变量
c:\users\joe\desktop\summary\batchdecodeforevaluation\summaryreportdll\csvreportfiledataoperator.cpp(122): warning C4101: “e”: 未引用的局部变量
  logger.cpp
c:\users\joe\desktop\summary\batchdecodeforevaluation\summaryreportdll\logger\logger.h(56): warning C4091: “typedef ”: 没有声明变量时忽略“LOGGER::EnumLogLevel”的左侧
  SummaryReportDLL.cpp
c:\users\joe\desktop\summary\batchdecodeforevaluation\summaryreportdll\rapidjson\reader.h(14): warning C4067: 预处理器指令后有意外标记 - 应输入换行符
c:\users\joe\desktop\summary\batchdecodeforevaluation\summaryreportdll\logger\logger.h(56): warning C4091: “typedef ”: 没有声明变量时忽略“LOGGER::EnumLogLevel”的左侧
c:\users\joe\desktop\summary\batchdecodeforevaluation\summaryreportdll\summaryreportdll.cpp(65): warning C4101: “pDir”: 未引用的局部变量
c:\users\joe\desktop\summary\batchdecodeforevaluation\summaryreportdll\summaryreportdll.cpp(110): warning C4018: “<”: 有符号/无符号不匹配
  Entry.cpp
  正在生成代码
  All 870 functions were compiled because no usable IPDB/IOBJ from previous compilation was found.
  已完成代码的生成
  SummaryReport.vcxproj -> C:\Users\Joe\Desktop\SUMMARY\BatchDecodeForEvaluation\Release\SummaryReport.exe
