D:\WORKING\SAW15DEV\DBR\TOOLKITS\EVALUATION\SUMMARYREPORT\RELEASE\SUMMARYREPORT.PCH
D:\WORKING\SAW15DEV\DBR\TOOLKITS\EVALUATION\SUMMARYREPORT\RELEASE\STDAFX.OBJ
D:\WORKING\SAW15DEV\DBR\TOOLKITS\EVALUATION\SUMMARYREPORT\RELEASE\VC110.PDB
D:\WORKING\SAW15DEV\DBR\TOOLKITS\EVALUATION\SUMMARYREPORT\RELEASE\ENTRY.OBJ
D:\WORKING\SAW15DEV\DBR\TOOLKITS\EVALUATION\SUMMARYREPORT\RELEASE\SUMMARYREPORTDLL.OBJ
D:\WORKING\SAW15DEV\DBR\TOOLKITS\EVALUATION\SUMMARYREPORT\RELEASE\CSVREPORTFILEDATAOPERATOR.OBJ
D:\WORKING\SAW15DEV\DBR\TOOLKITS\EVALUATION\RELEASE\SUMMARYREPORT.EXE
D:\WORKING\SAW15DEV\DBR\TOOLKITS\EVALUATION\RELEASE\SUMMARYREPORT.PDB
C:\Users\Joe\Desktop\SUMMARY\BatchDecodeForEvaluation\SummaryReport\Release\CSVReportFileDataOperator.obj
C:\Users\Joe\Desktop\SUMMARY\BatchDecodeForEvaluation\SummaryReport\Release\Entry.obj
C:\Users\Joe\Desktop\SUMMARY\BatchDecodeForEvaluation\SummaryReport\Release\logger.obj
C:\Users\Joe\Desktop\SUMMARY\BatchDecodeForEvaluation\SummaryReport\Release\stdafx.obj
C:\Users\Joe\Desktop\SUMMARY\BatchDecodeForEvaluation\SummaryReport\Release\SummaryReportDLL.obj
C:\Users\Joe\Desktop\SUMMARY\BatchDecodeForEvaluation\SummaryReport\Release\cl.command.1.tlog
C:\Users\Joe\Desktop\SUMMARY\BatchDecodeForEvaluation\SummaryReport\Release\CL.read.1.tlog
C:\Users\Joe\Desktop\SUMMARY\BatchDecodeForEvaluation\SummaryReport\Release\CL.write.1.tlog
C:\Users\Joe\Desktop\SUMMARY\BatchDecodeForEvaluation\SummaryReport\Release\link-cvtres.read.1.tlog
C:\Users\Joe\Desktop\SUMMARY\BatchDecodeForEvaluation\SummaryReport\Release\link-cvtres.write.1.tlog
C:\Users\Joe\Desktop\SUMMARY\BatchDecodeForEvaluation\SummaryReport\Release\link-rc.read.1.tlog
C:\Users\Joe\Desktop\SUMMARY\BatchDecodeForEvaluation\SummaryReport\Release\link-rc.write.1.tlog
C:\Users\Joe\Desktop\SUMMARY\BatchDecodeForEvaluation\SummaryReport\Release\link.command.1.tlog
C:\Users\Joe\Desktop\SUMMARY\BatchDecodeForEvaluation\SummaryReport\Release\link.read.1.tlog
C:\Users\Joe\Desktop\SUMMARY\BatchDecodeForEvaluation\SummaryReport\Release\link.write.1.tlog
C:\Users\Joe\Desktop\SUMMARY\BatchDecodeForEvaluation\SummaryReport\Release\SummaryReport.pch
C:\Users\Joe\Desktop\SUMMARY\BatchDecodeForEvaluation\SummaryReport\Release\vc110.pdb
C:\Users\Joe\Desktop\SUMMARY\BatchDecodeForEvaluation\SummaryReport\Release\vc141.pdb
C:\Users\Joe\Desktop\SUMMARY\BatchDecodeForEvaluation\Release\SummaryReport.pdb
C:\Users\Joe\Desktop\SUMMARY\BatchDecodeForEvaluation\Release\SummaryReport.exe
