D:\WORKING\SAW15DEV\DBR\TOOLKITS\EVALUATION\SUMMARYREPORTDLL\RELEASE\SUMMARYREPORTDLL.PCH
D:\WORKING\SAW15DEV\DBR\TOOLKITS\EVALUATION\SUMMARYREPORTDLL\RELEASE\STDAFX.OBJ
D:\WORKING\SAW15DEV\DBR\TOOLKITS\EVALUATION\SUMMARYREPORTDLL\RELEASE\VC110.PDB
D:\WORKING\SAW15DEV\DBR\TOOLKITS\EVALUATION\SUMMARYREPORTDLL\RELEASE\SUMMARYREPORTDLL.OBJ
D:\WORKING\SAW15DEV\DBR\TOOLKITS\EVALUATION\SUMMARYREPORTDLL\RELEASE\DLLMAIN.OBJ
D:\WORKING\SAW15DEV\DBR\TOOLKITS\EVALUATION\SUMMARYREPORTDLL\RELEASE\CSVREPORTFILEDATAOPERATOR.OBJ
D:\WORKING\SAW15DEV\DBR\TOOLKITS\EVALUATION\RELEASE\SUMMARYREPORTDLL.LIB
D:\Working\SAW15Dev\DBR\Toolkits\Evaluation\SummaryReportDLL\Release\CSVReportFileDataOperator.obj
D:\Working\SAW15Dev\DBR\Toolkits\Evaluation\SummaryReportDLL\Release\dllmain.obj
D:\Working\SAW15Dev\DBR\Toolkits\Evaluation\SummaryReportDLL\Release\stdafx.obj
D:\Working\SAW15Dev\DBR\Toolkits\Evaluation\SummaryReportDLL\Release\SummaryReportDLL.obj
D:\Working\SAW15Dev\DBR\Toolkits\Evaluation\SummaryReportDLL\Release\cl.command.1.tlog
D:\Working\SAW15Dev\DBR\Toolkits\Evaluation\SummaryReportDLL\Release\CL.read.1.tlog
D:\Working\SAW15Dev\DBR\Toolkits\Evaluation\SummaryReportDLL\Release\CL.write.1.tlog
D:\Working\SAW15Dev\DBR\Toolkits\Evaluation\SummaryReportDLL\Release\Lib-link.read.1.tlog
D:\Working\SAW15Dev\DBR\Toolkits\Evaluation\SummaryReportDLL\Release\Lib-link.write.1.tlog
D:\Working\SAW15Dev\DBR\Toolkits\Evaluation\SummaryReportDLL\Release\lib.command.1.tlog
D:\Working\SAW15Dev\DBR\Toolkits\Evaluation\SummaryReportDLL\Release\SummaryReportDLL.pch
D:\Working\SAW15Dev\DBR\Toolkits\Evaluation\SummaryReportDLL\Release\vc110.pdb
D:\Working\SAW15Dev\DBR\Toolkits\Evaluation\Release\SummaryReportDLL.lib
